Starting integration tests...
== Running valid test cases ==
Running test: complex.cub
[0;31mâœ— FAILED[0m: complex.cub
Expected output:

Actual output:
Error: Invalid map
Expected exit code: 0
Actual exit code: 1
---------------------------------
Running test: minimal.cub
[0;32mâœ“ PASSED[0m: minimal.cub
---------------------------------
== Running invalid file format test cases ==
Running test: missing_element.cub
[0;32mâœ“ PASSED[0m: missing_element.cub
---------------------------------
Running test: no_map.cub
[0;32mâœ“ PASSED[0m: no_map.cub
---------------------------------
Running test: wrong_extension.txt
[0;32mâœ“ PASSED[0m: wrong_extension.txt
---------------------------------
== Running invalid texture test cases ==
Running test: duplicate_texture.cub
[0;32mâœ“ PASSED[0m: duplicate_texture.cub
---------------------------------
Running test: invalid_texture_format.cub
[0;32mâœ“ PASSED[0m: invalid_texture_format.cub
---------------------------------
Running test: nonexistent_texture.cub
[0;32mâœ“ PASSED[0m: nonexistent_texture.cub
---------------------------------
== Running invalid color test cases ==
Running test: color_out_of_range.cub
[0;32mâœ“ PASSED[0m: color_out_of_range.cub
---------------------------------
Running test: invalid_color_format.cub
[0;32mâœ“ PASSED[0m: invalid_color_format.cub
---------------------------------
Running test: invalid_color_value_type.cub
[0;31mâœ— FAILED[0m: invalid_color_value_type.cub
Expected output:
Error
Invalid color format: 220,100,abc
Actual output:
Error: Invalid color format: 220,100,abc
Expected exit code: 1
Actual exit code: 1
---------------------------------
Running test: spaces_in_color.cub
[0;32mâœ“ PASSED[0m: spaces_in_color.cub
---------------------------------
== Running invalid map test cases ==
Running test: content_after_map.cub
[0;31mâœ— FAILED[0m: content_after_map.cub
Expected output:
Error: Content after map
Actual output:
Error: Map contains empty line
Expected exit code: 1
Actual exit code: 1
---------------------------------
Running test: invalid_map_char.cub
[0;31mâœ— FAILED[0m: invalid_map_char.cub
Expected output:
Error: Invalid character in map: X at position (2,2)
Actual output:
Error: Invalid character in map: 2 at position (1,2)
Expected exit code: 1
Actual exit code: 1
---------------------------------
Running test: map_with_empty_line.cub
[0;32mâœ“ PASSED[0m: map_with_empty_line.cub
---------------------------------
Running test: multiple_players.cub
[0;31mâœ— FAILED[0m: multiple_players.cub
Expected output:
Error: Multiple player starting positions
Actual output:
Error: Map is not surrounded by walls at position (1,2)
Expected exit code: 1
Actual exit code: 1
---------------------------------
Running test: no_player.cub
[0;32mâœ“ PASSED[0m: no_player.cub
---------------------------------
Running test: unwalled_map.cub
[0;32mâœ“ PASSED[0m: unwalled_map.cub
---------------------------------
===================================
Test results: 13/18 passed
[0;31m5 tests failed.[0m
